-------------------------------------------------------------------------------
Test set: com.FAE.EVATool.DummyTest
-------------------------------------------------------------------------------
Tests run: 1, Failures: 1, Errors: 0, Skipped: 0, Time elapsed: 0.031 s <<< FAILURE! - in com.FAE.EVATool.DummyTest
testAlwaysPasses  Time elapsed: 0.027 s  <<< FAILURE!
org.opentest4j.AssertionFailedError: expected: <2> but was: <1>
	at com.FAE.EVATool.DummyTest.testAlwaysPasses(DummyTest.java:11)

